<?xml version="1.0" encoding="UTF-8"?>
<!-- Generated by org.testng.reporters.JUnitReportReporter -->
<testsuite skipped="0" hostname="DESKTOP-69TBPPN" name="tt.tt.SecondClass" tests="1" failures="0" timestamp="24 Apr 2020 14:41:50 GMT" time="0.019" errors="0">
  <testcase name="f" time="0.019" classname="tt.tt.SecondClass"/>
</testsuite> <!-- tt.tt.SecondClass -->
